<?xml version="1.0" encoding="UTF-8"?>
<testsuite xmlns:xsi="http://www.w3.org/2001/XMLSchema-instance" xsi:noNamespaceSchemaLocation="https://maven.apache.org/surefire/maven-surefire-plugin/xsd/surefire-test-report-3.0.xsd" version="3.0" name="supermarket.InventoryTest" time="0.096" tests="5" errors="0" skipped="0" failures="0">
  <properties>
[...]
</properties>
  <testcase name="testValidFileReadInventory(String)[1]" classname="supermarket.InventoryTest" time="0.026"/>
  <testcase name="testInvalidFileReadInventory(String)[1]" classname="supermarket.InventoryTest" time="0.003"/>
  <testcase name="testGetNonExistentProduct(String)[1]" classname="supermarket.InventoryTest" time="0.001"/>
  <testcase name="testGetProduct(String)[1]" classname="supermarket.InventoryTest" time="0.003"/>
  <testcase name="testInvalidInventoryFile" classname="supermarket.InventoryTest" time="0.002"/>
</testsuite>